2025-07-23 17:24:49 | info | server running at port 8080
2025-07-23 19:01:31 | info | server running at port 8080
2025-07-23 19:01:56 | info | [POST] /auth/v1/login
2025-07-23 19:02:35 | info | [POST] /api/v1/auth/register
2025-07-23 19:02:35 | error | User with this username already exists
2025-07-23 19:03:28 | info | [POST] /auth/v1/login
2025-07-23 19:03:30 | info | [POST] /auth/v1/login
2025-07-23 19:03:52 | info | [POST] /api/v1/auth/login
2025-07-23 19:10:56 | info | server running at port 8080
2025-07-23 19:26:40 | info | [POST] /api/v1/auth/login
2025-07-23 19:28:13 | info | [POST] /api/v1/auth/login
2025-07-23 19:36:26 | info | [GET] /api/v1/tasks
2025-07-23 19:56:14 | info | [POST] /api/v1/auth/register
2025-07-23 19:56:14 | info | User registered successfully!
2025-07-23 20:00:58 | info | server running at port 8080
2025-07-28 15:42:51 | info | server running at port 8080
2025-07-28 15:43:11 | info | server running at port 8080
2025-07-28 15:44:33 | info | [POST] /api/v1/auth/register
2025-07-28 15:44:33 | info | User registered successfully!
2025-07-28 15:50:14 | info | server running at port 8080
2025-07-28 15:55:25 | info | [GET] /
2025-07-28 16:00:40 | info | [POST] /api/v1/auth/register
2025-07-28 16:00:40 | info | User registered successfully!
2025-07-28 16:01:16 | info | [POST] /api/v1/auth/login
2025-07-28 16:01:16 | info | Logged in successfully!
2025-07-28 16:02:56 | info | [POST] /api/v1/auth/register
2025-07-28 16:02:56 | error | User with this username already exists.
2025-07-28 16:27:05 | info | server running at port 8080
2025-07-28 16:29:44 | info | [POST] /api/v1/auth/login
2025-07-28 16:29:44 | error | Invalid credentials.
2025-07-28 16:32:17 | info | server running at port 8080
2025-07-28 16:35:09 | info | server running at port 8080
2025-07-28 16:35:23 | info | server running at port 8080
2025-07-28 17:49:06 | info | server running at port 8080
2025-07-28 17:49:29 | info | [POST] /api/v1/auth/login
2025-07-28 17:49:29 | error | Invalid credentials.
2025-07-28 17:49:30 | info | [POST] /api/v1/auth/login
2025-07-28 17:49:30 | error | Invalid credentials.
2025-07-28 17:49:31 | info | [POST] /api/v1/auth/login
2025-07-28 17:49:31 | error | Invalid credentials.
2025-07-28 17:50:27 | info | server running at port 8080
2025-07-28 17:50:34 | info | server running at port 8080
2025-07-28 17:51:02 | info | [POST] /api/v1/auth/login
2025-07-28 17:51:03 | error | Invalid credentials.
2025-07-28 17:51:04 | info | [POST] /api/v1/auth/login
2025-07-28 17:51:04 | error | Invalid credentials.
2025-07-28 17:51:06 | info | [POST] /api/v1/auth/login
2025-07-28 17:51:06 | error | Invalid credentials.
2025-07-28 17:51:33 | info | [POST] /api/v1/auth/login
2025-07-28 17:51:33 | error | Invalid credentials.
2025-07-28 17:53:18 | info | [POST] /api/v1/auth/login
2025-07-28 17:53:18 | error | Invalid credentials.
2025-07-28 17:53:21 | info | [POST] /api/v1/auth/login
2025-07-28 17:53:21 | error | Invalid credentials.
2025-07-28 17:53:22 | info | [POST] /api/v1/auth/login
2025-07-28 17:53:22 | error | Invalid credentials.
2025-07-28 17:53:33 | info | [POST] /api/v1/auth/login
2025-07-28 17:53:33 | error | Invalid credentials.
2025-07-28 17:53:38 | info | [POST] /api/v1/auth/login
2025-07-28 17:53:38 | error | Invalid credentials.
2025-07-28 17:53:39 | info | [POST] /api/v1/auth/login
2025-07-28 17:53:39 | error | Invalid credentials.
2025-07-28 17:53:51 | info | [POST] /api/v1/auth/login
2025-07-28 17:53:51 | error | Invalid credentials.
2025-07-28 17:53:51 | info | [POST] /api/v1/auth/login
2025-07-28 17:53:51 | error | Invalid credentials.
2025-07-28 17:53:53 | info | [POST] /api/v1/auth/login
2025-07-28 17:53:53 | error | Invalid credentials.
2025-07-28 17:54:53 | info | [POST] /api/v1/auth/login
2025-07-28 17:54:53 | error | Invalid credentials.
2025-07-28 17:55:29 | info | [POST] /api/v1/auth/login
2025-07-28 17:55:30 | error | Invalid credentials.
2025-07-28 17:55:31 | info | [POST] /api/v1/auth/login
2025-07-28 17:55:31 | error | Invalid credentials.
2025-07-28 17:55:32 | info | [POST] /api/v1/auth/login
2025-07-28 17:55:32 | error | Invalid credentials.
2025-07-28 17:56:21 | info | server running at port 8080
2025-07-28 17:56:35 | info | server running at port 8080
2025-07-28 17:56:59 | info | server running at port 8080
2025-07-28 17:57:21 | info | server running at port 8080
2025-07-28 17:57:34 | info | server running at port 8080
2025-07-28 17:57:41 | info | server running at port 8080
2025-07-28 17:58:00 | info | server running at port 8080
2025-07-28 17:58:01 | info | server running at port 8080
2025-07-28 17:58:14 | info | server running at port 8080
2025-07-28 17:58:18 | info | [POST] /api/v1/auth/login
2025-07-28 17:58:18 | error | Invalid credentials.
2025-07-28 17:58:20 | info | [POST] /api/v1/auth/login
2025-07-28 17:58:20 | error | Invalid credentials.
2025-07-28 17:58:21 | info | [POST] /api/v1/auth/login
2025-07-28 17:58:21 | error | Invalid credentials.
2025-07-28 17:59:18 | info | server running at port 8080
2025-07-28 17:59:49 | info | server running at port 8080
2025-07-28 17:59:51 | info | server running at port 8080
2025-07-28 17:59:55 | info | [POST] /api/v1/auth/login
2025-07-28 17:59:55 | error | Invalid credentials.
2025-07-28 17:59:57 | info | [POST] /api/v1/auth/login
2025-07-28 17:59:57 | error | Invalid credentials.
2025-07-28 17:59:57 | info | [POST] /api/v1/auth/login
2025-07-28 17:59:57 | error | Invalid credentials.
2025-07-28 18:00:07 | info | server running at port 8080
2025-07-28 18:00:08 | info | server running at port 8080
2025-07-28 18:00:11 | info | server running at port 8080
2025-07-28 18:00:16 | info | server running at port 8080
2025-07-28 18:00:39 | info | [POST] /api/v1/auth/login
2025-07-28 18:00:39 | error | Invalid credentials.
2025-07-28 18:00:43 | info | [POST] /api/v1/auth/login
2025-07-28 18:00:43 | error | Invalid credentials.
2025-07-28 18:00:43 | info | [POST] /api/v1/auth/login
2025-07-28 18:00:43 | error | Invalid credentials.
2025-07-28 18:01:01 | info | [POST] /api/v1
2025-07-28 18:03:13 | info | server running at port 8080
2025-07-28 18:03:20 | info | server running at port 8080
2025-07-28 18:03:25 | info | [POST] /api/v1
2025-07-28 18:03:31 | info | [POST] /api/v1
2025-07-28 18:03:31 | info | [POST] /api/v1
2025-07-28 21:30:43 | info | server running at port 8080
2025-07-28 21:30:49 | info | server running at port 8080
2025-07-28 21:31:11 | info | server running at port 8080
2025-07-28 22:22:19 | info | server running at port 8080
2025-07-28 22:22:19 | info | server running at port 8080
2025-07-28 22:22:29 | info | server running at port 8080
2025-07-28 23:06:32 | info | server running at port 8080
2025-07-28 23:06:40 | info | server running at port 8080
2025-07-28 23:07:08 | info | server running at port 8080
2025-07-28 23:19:04 | info | server running at port 8080
2025-07-28 23:19:06 | info | server running at port 8080
2025-07-28 23:23:48 | info | [POST] /api/v1
2025-07-28 23:23:56 | info | [POST] /api/v1/login
2025-07-28 23:24:29 | info | [POST] /api/v1/login
2025-07-28 23:25:37 | info | [POST] /api/v1/auth/login
2025-07-28 23:25:37 | error | Invalid credentials.
2025-07-28 23:28:03 | info | server running at port 8080
2025-07-28 23:28:06 | info | server running at port 8080
2025-07-28 23:35:26 | info | [POST] /api/v1/auth/login
2025-07-28 23:35:26 | error | Invalid credentials.
2025-07-28 23:35:35 | info | [POST] /api/v1/auth/login
2025-07-28 23:35:35 | error | Invalid credentials.
2025-07-28 23:35:36 | info | [POST] /api/v1/auth/login
2025-07-28 23:35:36 | error | Invalid credentials.
2025-07-28 23:35:37 | info | [POST] /api/v1/auth/login
2025-07-28 23:35:37 | error | Invalid credentials.
2025-07-28 23:35:37 | info | [POST] /api/v1/auth/login
2025-07-28 23:35:37 | error | Invalid credentials.
2025-07-28 23:35:38 | info | [POST] /api/v1/auth/login
2025-07-28 23:35:38 | error | Invalid credentials.
2025-07-28 23:35:38 | info | [POST] /api/v1/auth/login
2025-07-28 23:35:38 | error | Invalid credentials.
2025-07-28 23:35:39 | info | [POST] /api/v1/auth/login
2025-07-28 23:35:39 | error | Invalid credentials.
2025-07-28 23:37:23 | info | [POST] /api/v1/auth/login
2025-07-28 23:37:23 | error | Invalid credentials.
2025-07-28 23:37:29 | info | [POST] /api/v1/auth/logout
2025-07-28 23:37:29 | info | User logged out
